<?xml version="1.0" encoding="UTF-8"?>
<testng-results ignored="0" total="2" passed="2" failed="0" skipped="0">
  <reporter-output>
  </reporter-output>
  <suite started-at="2023-03-10T11:30:14 IST" name="Suite" finished-at="2023-03-10T11:30:16 IST" duration-ms="2139">
    <groups>
    </groups>
    <test started-at="2023-03-10T11:30:14 IST" name="Test" finished-at="2023-03-10T11:30:16 IST" duration-ms="2139">
      <class name="tests.TestCase02">
        <test-method is-config="true" signature="openUrl()[pri:0, instance:tests.TestCase02@547e29a4]" started-at="2023-03-10T11:30:15 IST" name="openUrl" finished-at="2023-03-10T11:30:15 IST" duration-ms="416" status="PASS">
          <reporter-output>
          </reporter-output>
        </test-method> <!-- openUrl -->
        <test-method signature="testLoginPage()[pri:0, instance:tests.TestCase02@547e29a4]" started-at="2023-03-10T11:30:15 IST" name="testLoginPage" finished-at="2023-03-10T11:30:16 IST" duration-ms="401" status="PASS">
          <reporter-output>
          </reporter-output>
        </test-method> <!-- testLoginPage -->
      </class> <!-- tests.TestCase02 -->
      <class name="tests.TestCase01">
        <test-method is-config="true" signature="openUrl()[pri:0, instance:tests.TestCase01@3a80515c]" started-at="2023-03-10T11:30:14 IST" name="openUrl" finished-at="2023-03-10T11:30:14 IST" duration-ms="635" status="PASS">
          <reporter-output>
          </reporter-output>
        </test-method> <!-- openUrl -->
        <test-method signature="testLoginPage()[pri:0, instance:tests.TestCase01@3a80515c]" started-at="2023-03-10T11:30:14 IST" name="testLoginPage" finished-at="2023-03-10T11:30:15 IST" duration-ms="602" status="PASS">
          <reporter-output>
          </reporter-output>
        </test-method> <!-- testLoginPage -->
      </class> <!-- tests.TestCase01 -->
    </test> <!-- Test -->
  </suite> <!-- Suite -->
</testng-results>
